Generated at 2017-11-03 15:08:05 -0700
Chef::Exceptions::PrivateKeyMissing: I cannot read /etc/chef/validation.pem, which you told me to use to sign requests!
/opt/chefdk/embedded/lib/ruby/gems/2.4.0/gems/chef-13.4.19/lib/chef/http/authenticator.rb:95:in `rescue in load_signing_key'
/opt/chefdk/embedded/lib/ruby/gems/2.4.0/gems/chef-13.4.19/lib/chef/http/authenticator.rb:85:in `load_signing_key'
/opt/chefdk/embedded/lib/ruby/gems/2.4.0/gems/chef-13.4.19/lib/chef/http/authenticator.rb:42:in `initialize'
/opt/chefdk/embedded/lib/ruby/gems/2.4.0/gems/chef-13.4.19/lib/chef/http.rb:98:in `new'
/opt/chefdk/embedded/lib/ruby/gems/2.4.0/gems/chef-13.4.19/lib/chef/http.rb:98:in `block in initialize'
/opt/chefdk/embedded/lib/ruby/gems/2.4.0/gems/chef-13.4.19/lib/chef/http.rb:97:in `each'
/opt/chefdk/embedded/lib/ruby/gems/2.4.0/gems/chef-13.4.19/lib/chef/http.rb:97:in `initialize'
/opt/chefdk/embedded/lib/ruby/gems/2.4.0/gems/chef-13.4.19/lib/chef/server_api.rb:37:in `initialize'
/opt/chefdk/embedded/lib/ruby/gems/2.4.0/gems/chef-13.4.19/lib/chef/api_client/registration.rb:150:in `new'
/opt/chefdk/embedded/lib/ruby/gems/2.4.0/gems/chef-13.4.19/lib/chef/api_client/registration.rb:150:in `http_api'
/opt/chefdk/embedded/lib/ruby/gems/2.4.0/gems/chef-13.4.19/lib/chef/api_client/registration.rb:96:in `create'
/opt/chefdk/embedded/lib/ruby/gems/2.4.0/gems/chef-13.4.19/lib/chef/api_client/registration.rb:87:in `create_or_update'
/opt/chefdk/embedded/lib/ruby/gems/2.4.0/gems/chef-13.4.19/lib/chef/api_client/registration.rb:58:in `run'
/opt/chefdk/embedded/lib/ruby/gems/2.4.0/gems/chef-13.4.19/lib/chef/client.rb:666:in `register'
/opt/chefdk/embedded/lib/ruby/gems/2.4.0/gems/chef-13.4.19/lib/chef/client.rb:267:in `run'
/opt/chefdk/embedded/lib/ruby/gems/2.4.0/gems/chef-13.4.19/lib/chef/application.rb:291:in `block in fork_chef_client'
/opt/chefdk/embedded/lib/ruby/gems/2.4.0/gems/chef-13.4.19/lib/chef/application.rb:279:in `fork'
/opt/chefdk/embedded/lib/ruby/gems/2.4.0/gems/chef-13.4.19/lib/chef/application.rb:279:in `fork_chef_client'
/opt/chefdk/embedded/lib/ruby/gems/2.4.0/gems/chef-13.4.19/lib/chef/application.rb:244:in `block in run_chef_client'
/opt/chefdk/embedded/lib/ruby/gems/2.4.0/gems/chef-13.4.19/lib/chef/local_mode.rb:44:in `with_server_connectivity'
/opt/chefdk/embedded/lib/ruby/gems/2.4.0/gems/chef-13.4.19/lib/chef/application.rb:232:in `run_chef_client'
/opt/chefdk/embedded/lib/ruby/gems/2.4.0/gems/chef-13.4.19/lib/chef/application/client.rb:469:in `sleep_then_run_chef_client'
/opt/chefdk/embedded/lib/ruby/gems/2.4.0/gems/chef-13.4.19/lib/chef/application/client.rb:458:in `block in interval_run_chef_client'
/opt/chefdk/embedded/lib/ruby/gems/2.4.0/gems/chef-13.4.19/lib/chef/application/client.rb:457:in `loop'
/opt/chefdk/embedded/lib/ruby/gems/2.4.0/gems/chef-13.4.19/lib/chef/application/client.rb:457:in `interval_run_chef_client'
/opt/chefdk/embedded/lib/ruby/gems/2.4.0/gems/chef-13.4.19/lib/chef/application/client.rb:441:in `run_application'
/opt/chefdk/embedded/lib/ruby/gems/2.4.0/gems/chef-13.4.19/lib/chef/application.rb:59:in `run'
/opt/chefdk/embedded/lib/ruby/gems/2.4.0/gems/chef-13.4.19/bin/chef-client:26:in `<top (required)>'
/usr/local/bin/chef-client:267:in `load'
/usr/local/bin/chef-client:267:in `<main>'

>>>> Caused by Errno::ENOENT: No such file or directory @ rb_sysopen - /etc/chef/validation.pem
/opt/chefdk/embedded/lib/ruby/gems/2.4.0/gems/chef-13.4.19/lib/chef/http/authenticator.rb:86:in `read'
/opt/chefdk/embedded/lib/ruby/gems/2.4.0/gems/chef-13.4.19/lib/chef/http/authenticator.rb:86:in `load_signing_key'
/opt/chefdk/embedded/lib/ruby/gems/2.4.0/gems/chef-13.4.19/lib/chef/http/authenticator.rb:42:in `initialize'
/opt/chefdk/embedded/lib/ruby/gems/2.4.0/gems/chef-13.4.19/lib/chef/http.rb:98:in `new'
/opt/chefdk/embedded/lib/ruby/gems/2.4.0/gems/chef-13.4.19/lib/chef/http.rb:98:in `block in initialize'
/opt/chefdk/embedded/lib/ruby/gems/2.4.0/gems/chef-13.4.19/lib/chef/http.rb:97:in `each'
/opt/chefdk/embedded/lib/ruby/gems/2.4.0/gems/chef-13.4.19/lib/chef/http.rb:97:in `initialize'
/opt/chefdk/embedded/lib/ruby/gems/2.4.0/gems/chef-13.4.19/lib/chef/server_api.rb:37:in `initialize'
/opt/chefdk/embedded/lib/ruby/gems/2.4.0/gems/chef-13.4.19/lib/chef/api_client/registration.rb:150:in `new'
/opt/chefdk/embedded/lib/ruby/gems/2.4.0/gems/chef-13.4.19/lib/chef/api_client/registration.rb:150:in `http_api'
/opt/chefdk/embedded/lib/ruby/gems/2.4.0/gems/chef-13.4.19/lib/chef/api_client/registration.rb:96:in `create'
/opt/chefdk/embedded/lib/ruby/gems/2.4.0/gems/chef-13.4.19/lib/chef/api_client/registration.rb:87:in `create_or_update'
/opt/chefdk/embedded/lib/ruby/gems/2.4.0/gems/chef-13.4.19/lib/chef/api_client/registration.rb:58:in `run'
/opt/chefdk/embedded/lib/ruby/gems/2.4.0/gems/chef-13.4.19/lib/chef/client.rb:666:in `register'
/opt/chefdk/embedded/lib/ruby/gems/2.4.0/gems/chef-13.4.19/lib/chef/client.rb:267:in `run'
/opt/chefdk/embedded/lib/ruby/gems/2.4.0/gems/chef-13.4.19/lib/chef/application.rb:291:in `block in fork_chef_client'
/opt/chefdk/embedded/lib/ruby/gems/2.4.0/gems/chef-13.4.19/lib/chef/application.rb:279:in `fork'
/opt/chefdk/embedded/lib/ruby/gems/2.4.0/gems/chef-13.4.19/lib/chef/application.rb:279:in `fork_chef_client'
/opt/chefdk/embedded/lib/ruby/gems/2.4.0/gems/chef-13.4.19/lib/chef/application.rb:244:in `block in run_chef_client'
/opt/chefdk/embedded/lib/ruby/gems/2.4.0/gems/chef-13.4.19/lib/chef/local_mode.rb:44:in `with_server_connectivity'
/opt/chefdk/embedded/lib/ruby/gems/2.4.0/gems/chef-13.4.19/lib/chef/application.rb:232:in `run_chef_client'
/opt/chefdk/embedded/lib/ruby/gems/2.4.0/gems/chef-13.4.19/lib/chef/application/client.rb:469:in `sleep_then_run_chef_client'
/opt/chefdk/embedded/lib/ruby/gems/2.4.0/gems/chef-13.4.19/lib/chef/application/client.rb:458:in `block in interval_run_chef_client'
/opt/chefdk/embedded/lib/ruby/gems/2.4.0/gems/chef-13.4.19/lib/chef/application/client.rb:457:in `loop'
/opt/chefdk/embedded/lib/ruby/gems/2.4.0/gems/chef-13.4.19/lib/chef/application/client.rb:457:in `interval_run_chef_client'
/opt/chefdk/embedded/lib/ruby/gems/2.4.0/gems/chef-13.4.19/lib/chef/application/client.rb:441:in `run_application'
/opt/chefdk/embedded/lib/ruby/gems/2.4.0/gems/chef-13.4.19/lib/chef/application.rb:59:in `run'
/opt/chefdk/embedded/lib/ruby/gems/2.4.0/gems/chef-13.4.19/bin/chef-client:26:in `<top (required)>'
/usr/local/bin/chef-client:267:in `load'
/usr/local/bin/chef-client:267:in `<main>'